#
# There is insufficient memory for the Java Runtime Environment to continue.
# Native memory allocation (malloc) failed to allocate 32744 bytes for ChunkPool::allocate
# Possible reasons:
#   The system is out of physical RAM or swap space
#   The process is running with CompressedOops enabled, and the Java Heap may be blocking the growth of the native heap
# Possible solutions:
#   Reduce memory load on the system
#   Increase physical memory or swap space
#   Check if swap backing store is full
#   Decrease Java heap size (-Xmx/-Xms)
#   Decrease number of Java threads
#   Decrease Java thread stack sizes (-Xss)
#   Set larger code cache with -XX:ReservedCodeCacheSize=
#   JVM is running with Unscaled Compressed Oops mode in which the Java heap is
#     placed in the first 4GB address space. The Java Heap base address is the
#     maximum limit for the native heap growth. Please use -XX:HeapBaseMinAddress
#     to set the Java Heap base and to place the Java Heap above 4GB virtual address.
# This output file may be truncated or incomplete.
#
#  Out of Memory Error (arena.cpp:78), pid=7056, tid=14140
#
# JRE version: OpenJDK Runtime Environment Zulu17.38+21-CA (17.0.5+8) (build 17.0.5+8-LTS)
# Java VM: OpenJDK 64-Bit Server VM Zulu17.38+21-CA (17.0.5+8-LTS, mixed mode, tiered, compressed oops, compressed class ptrs, g1 gc, windows-amd64)
# No core dump will be written. Minidumps are not enabled by default on client versions of Windows
#

---------------  S U M M A R Y ------------

Command Line: -Dnet.bytebuddy.agent.attacher.dump= net.bytebuddy.agent.Attacher com.sun.tools.attach.VirtualMachine 4844 C:\Users\joane\.m2\repository\net\bytebuddy\byte-buddy-agent\1.14.9\byte-buddy-agent-1.14.9.jar false 

Host: Intel(R) Celeron(R) 6305 @ 1.80GHz, 2 cores, 3G,  Windows 11 , 64 bit Build 22621 (10.0.22621.3085)
Time: Mon Jan 29 18:21:37 2024 Hora Padrão da Bahia elapsed time: 0.485617 seconds (0d 0h 0m 0s)

---------------  T H R E A D  ---------------

Current thread (0x00000246985222d0):  JavaThread "main" [_thread_in_vm, id=14140, stack(0x000000bdb8800000,0x000000bdb8900000)]

Stack: [0x000000bdb8800000,0x000000bdb8900000]
Native frames: (J=compiled Java code, j=interpreted, Vv=VM code, C=native code)
V  [jvm.dll+0x67bc7a]
V  [jvm.dll+0x837104]
V  [jvm.dll+0x8388ae]
V  [jvm.dll+0x838f13]
V  [jvm.dll+0x248935]
V  [jvm.dll+0xabf6c]
V  [jvm.dll+0xac31c]
V  [jvm.dll+0x2c2eba]
V  [jvm.dll+0x2c248e]
V  [jvm.dll+0x1eb425]
V  [jvm.dll+0x1e02da]
V  [jvm.dll+0x54079d]
V  [jvm.dll+0x7b1c51]
V  [jvm.dll+0x7b1baa]
V  [jvm.dll+0x410a74]
V  [jvm.dll+0x4243ac]
C  [java.dll+0x1657]

Java frames: (J=compiled Java code, j=interpreted, Vv=VM code)
j  java.lang.ClassLoader.defineClass0(Ljava/lang/ClassLoader;Ljava/lang/Class;Ljava/lang/String;[BIILjava/security/ProtectionDomain;ZILjava/lang/Object;)Ljava/lang/Class;+0 java.base@17.0.5
j  java.lang.System$2.defineClass(Ljava/lang/ClassLoader;Ljava/lang/Class;Ljava/lang/String;[BLjava/security/ProtectionDomain;ZILjava/lang/Object;)Ljava/lang/Class;+17 java.base@17.0.5
j  java.lang.invoke.MethodHandles$Lookup$ClassDefiner.defineClass(ZLjava/lang/Object;)Ljava/lang/Class;+54 java.base@17.0.5
j  java.lang.invoke.InvokerBytecodeGenerator.loadMethod([B)Ljava/lang/invoke/MemberName;+16 java.base@17.0.5
j  java.lang.invoke.InvokerBytecodeGenerator.generateCustomizedCode(Ljava/lang/invoke/LambdaForm;Ljava/lang/invoke/MethodType;)Ljava/lang/invoke/MemberName;+30 java.base@17.0.5
j  java.lang.invoke.LambdaForm.compileToBytecode()V+69 java.base@17.0.5
j  java.lang.invoke.LambdaForm.prepare()V+21 java.base@17.0.5
j  java.lang.invoke.MethodHandle.<init>(Ljava/lang/invoke/MethodType;Ljava/lang/invoke/LambdaForm;)V+33 java.base@17.0.5
j  java.lang.invoke.BoundMethodHandle.<init>(Ljava/lang/invoke/MethodType;Ljava/lang/invoke/LambdaForm;)V+3 java.base@17.0.5
j  java.lang.invoke.BoundMethodHandle$Species_LLLLL.<init>(Ljava/lang/invoke/MethodType;Ljava/lang/invoke/LambdaForm;Ljava/lang/Object;Ljava/lang/Object;Ljava/lang/Object;Ljava/lang/Object;Ljava/lang/Object;)V+3 java.base@17.0.5
j  java.lang.invoke.BoundMethodHandle$Species_LLLLL.make(Ljava/lang/invoke/MethodType;Ljava/lang/invoke/LambdaForm;Ljava/lang/Object;Ljava/lang/Object;Ljava/lang/Object;Ljava/lang/Object;Ljava/lang/Object;)Ljava/lang/invoke/BoundMethodHandle;+14 java.base@17.0.5
j  java.lang.invoke.DirectMethodHandle$Holder.invokeStatic(Ljava/lang/Object;Ljava/lang/Object;Ljava/lang/Object;Ljava/lang/Object;Ljava/lang/Object;Ljava/lang/Object;Ljava/lang/Object;Ljava/lang/Object;)Ljava/lang/Object;+22 java.base@17.0.5
j  java.lang.invoke.BoundMethodHandle$Species_LLLL.copyWithExtendL(Ljava/lang/invoke/MethodType;Ljava/lang/invoke/LambdaForm;Ljava/lang/Object;)Ljava/lang/invoke/BoundMethodHandle;+26 java.base@17.0.5
j  java.lang.invoke.MethodHandles.argumentsWithCombiner(ZLjava/lang/invoke/MethodHandle;ILjava/lang/invoke/MethodHandle;[I)Ljava/lang/invoke/MethodHandle;+122 java.base@17.0.5
j  java.lang.invoke.MethodHandles.filterArgumentsWithCombiner(Ljava/lang/invoke/MethodHandle;ILjava/lang/invoke/MethodHandle;[I)Ljava/lang/invoke/MethodHandle;+5 java.base@17.0.5
j  java.lang.invoke.StringConcatFactory.generateMHInlineCopy(Ljava/lang/invoke/MethodType;Ljava/util/List;)Ljava/lang/invoke/MethodHandle;+514 java.base@17.0.5
j  java.lang.invoke.StringConcatFactory.makeConcatWithConstants(Ljava/lang/invoke/MethodHandles$Lookup;Ljava/lang/String;Ljava/lang/invoke/MethodType;Ljava/lang/String;[Ljava/lang/Object;)Ljava/lang/invoke/CallSite;+220 java.base@17.0.5
j  java.lang.invoke.DirectMethodHandle$Holder.invokeStatic(Ljava/lang/Object;Ljava/lang/Object;Ljava/lang/Object;Ljava/lang/Object;Ljava/lang/Object;Ljava/lang/Object;)Ljava/lang/Object;+18 java.base@17.0.5
j  java.lang.invoke.DelegatingMethodHandle$Holder.delegate(Ljava/lang/Object;Ljava/lang/Object;Ljava/lang/Object;Ljava/lang/Object;Ljava/lang/Object;Ljava/lang/Object;)Ljava/lang/Object;+21 java.base@17.0.5
j  java.lang.invoke.Invokers$Holder.invokeExact_MT(Ljava/lang/Object;Ljava/lang/Object;Ljava/lang/Object;Ljava/lang/Object;Ljava/lang/Object;Ljava/lang/Object;Ljava/lang/Object;)Ljava/lang/Object;+26 java.base@17.0.5
j  java.lang.invoke.BootstrapMethodInvoker.invoke(Ljava/lang/Class;Ljava/lang/invoke/MethodHandle;Ljava/lang/String;Ljava/lang/Object;Ljava/lang/Object;Ljava/lang/Class;)Ljava/lang/Object;+157 java.base@17.0.5
j  java.lang.invoke.CallSite.makeSite(Ljava/lang/invoke/MethodHandle;Ljava/lang/String;Ljava/lang/invoke/MethodType;Ljava/lang/Object;Ljava/lang/Class;)Ljava/lang/invoke/CallSite;+8 java.base@17.0.5
j  java.lang.invoke.MethodHandleNatives.linkCallSiteImpl(Ljava/lang/Class;Ljava/lang/invoke/MethodHandle;Ljava/lang/String;Ljava/lang/invoke/MethodType;Ljava/lang/Object;[Ljava/lang/Object;)Ljava/lang/invoke/MemberName;+6 java.base@17.0.5
j  java.lang.invoke.MethodHandleNatives.linkCallSite(Ljava/lang/Object;ILjava/lang/Object;Ljava/lang/Object;Ljava/lang/Object;Ljava/lang/Object;[Ljava/lang/Object;)Ljava/lang/invoke/MemberName;+46 java.base@17.0.5
v  ~StubRoutines::call_stub
j  sun.jvmstat.perfdata.monitor.AbstractPerfDataBuffer.createPerfDataBuffer(Ljava/nio/ByteBuffer;I)V+14 jdk.internal.jvmstat@17.0.5
j  sun.jvmstat.perfdata.monitor.protocol.local.PerfDataBuffer.<init>(Lsun/jvmstat/monitor/VmIdentifier;)V+25 jdk.internal.jvmstat@17.0.5
j  sun.jvmstat.perfdata.monitor.protocol.local.LocalMonitoredVm.<init>(Lsun/jvmstat/monitor/VmIdentifier;I)V+12 jdk.internal.jvmstat@17.0.5
j  sun.jvmstat.perfdata.monitor.protocol.local.MonitoredHostProvider.getMonitoredVm(Lsun/jvmstat/monitor/VmIdentifier;I)Lsun/jvmstat/monitor/MonitoredVm;+15 jdk.internal.jvmstat@17.0.5
j  sun.jvmstat.perfdata.monitor.protocol.local.MonitoredHostProvider.getMonitoredVm(Lsun/jvmstat/monitor/VmIdentifier;)Lsun/jvmstat/monitor/MonitoredVm;+5 jdk.internal.jvmstat@17.0.5
j  sun.tools.attach.HotSpotAttachProvider.testAttachable(Ljava/lang/String;)V+20 jdk.attach@17.0.5
j  sun.tools.attach.AttachProviderImpl.attachVirtualMachine(Ljava/lang/String;)Lcom/sun/tools/attach/VirtualMachine;+6 jdk.attach@17.0.5
j  com.sun.tools.attach.VirtualMachine.attach(Ljava/lang/String;)Lcom/sun/tools/attach/VirtualMachine;+69 jdk.attach@17.0.5
v  ~StubRoutines::call_stub
j  jdk.internal.reflect.NativeMethodAccessorImpl.invoke0(Ljava/lang/reflect/Method;Ljava/lang/Object;[Ljava/lang/Object;)Ljava/lang/Object;+0 java.base@17.0.5
j  jdk.internal.reflect.NativeMethodAccessorImpl.invoke(Ljava/lang/Object;[Ljava/lang/Object;)Ljava/lang/Object;+133 java.base@17.0.5
j  jdk.internal.reflect.DelegatingMethodAccessorImpl.invoke(Ljava/lang/Object;[Ljava/lang/Object;)Ljava/lang/Object;+6 java.base@17.0.5
j  java.lang.reflect.Method.invoke(Ljava/lang/Object;[Ljava/lang/Object;)Ljava/lang/Object;+59 java.base@17.0.5
j  net.bytebuddy.agent.Attacher.install(Ljava/lang/Class;Ljava/lang/String;Ljava/lang/String;ZLjava/lang/String;)V+24
j  net.bytebuddy.agent.Attacher.main([Ljava/lang/String;)V+86
v  ~StubRoutines::call_stub

---------------  P R O C E S S  ---------------

Threads class SMR info:
_java_thread_list=0x00000246b33bace0, length=12, elements={
0x00000246985222d0, 0x00000246b3404660, 0x00000246b33bc2f0, 0x00000246b33ee7e0,
0x00000246b33ef2a0, 0x00000246b33efc60, 0x00000246b33f0620, 0x00000246b3426360,
0x00000246b3428420, 0x00000246b346e9d0, 0x00000246b413ff80, 0x00000246b4152d20
}

Java Threads: ( => current thread )
=>0x00000246985222d0 JavaThread "main" [_thread_in_vm, id=14140, stack(0x000000bdb8800000,0x000000bdb8900000)]
  0x00000246b3404660 JavaThread "Reference Handler" daemon [_thread_blocked, id=5800, stack(0x000000bdb8f00000,0x000000bdb9000000)]
  0x00000246b33bc2f0 JavaThread "Finalizer" daemon [_thread_blocked, id=15372, stack(0x000000bdb9000000,0x000000bdb9100000)]
  0x00000246b33ee7e0 JavaThread "Signal Dispatcher" daemon [_thread_blocked, id=17936, stack(0x000000bdb9100000,0x000000bdb9200000)]
  0x00000246b33ef2a0 JavaThread "Attach Listener" daemon [_thread_blocked, id=18156, stack(0x000000bdb9200000,0x000000bdb9300000)]
  0x00000246b33efc60 JavaThread "Service Thread" daemon [_thread_blocked, id=14144, stack(0x000000bdb9300000,0x000000bdb9400000)]
  0x00000246b33f0620 JavaThread "Monitor Deflation Thread" daemon [_thread_blocked, id=16668, stack(0x000000bdb9400000,0x000000bdb9500000)]
  0x00000246b3426360 JavaThread "C2 CompilerThread0" daemon [_thread_blocked, id=13096, stack(0x000000bdb9500000,0x000000bdb9600000)]
  0x00000246b3428420 JavaThread "C1 CompilerThread0" daemon [_thread_blocked, id=2376, stack(0x000000bdb9600000,0x000000bdb9700000)]
  0x00000246b346e9d0 JavaThread "Sweeper thread" daemon [_thread_blocked, id=10512, stack(0x000000bdb9700000,0x000000bdb9800000)]
  0x00000246b413ff80 JavaThread "Notification Thread" daemon [_thread_blocked, id=14488, stack(0x000000bdb9800000,0x000000bdb9900000)]
  0x00000246b4152d20 JavaThread "Common-Cleaner" daemon [_thread_blocked, id=16388, stack(0x000000bdb9a00000,0x000000bdb9b00000)]

Other Threads:
  0x00000246b33e0640 VMThread "VM Thread" [stack: 0x000000bdb8e00000,0x000000bdb8f00000] [id=256]
  0x00000246b4146880 WatcherThread [stack: 0x000000bdb9900000,0x000000bdb9a00000] [id=13872]
  0x000002469855cd70 GCTaskThread "GC Thread#0" [stack: 0x000000bdb8900000,0x000000bdb8a00000] [id=13436]
  0x0000024698565440 ConcurrentGCThread "G1 Main Marker" [stack: 0x000000bdb8a00000,0x000000bdb8b00000] [id=10672]
  0x0000024698565f20 ConcurrentGCThread "G1 Conc#0" [stack: 0x000000bdb8b00000,0x000000bdb8c00000] [id=1564]
  0x00000246985989f0 ConcurrentGCThread "G1 Refine#0" [stack: 0x000000bdb8c00000,0x000000bdb8d00000] [id=14328]
  0x0000024698599420 ConcurrentGCThread "G1 Service" [stack: 0x000000bdb8d00000,0x000000bdb8e00000] [id=16072]

Threads with active compile tasks:

VM state: not at safepoint (normal execution)

VM Mutex/Monitor currently owned by a thread: None

Heap address: 0x00000000c4400000, size: 956 MB, Compressed Oops mode: 32-bit

CDS archive(s) not mapped
Compressed class space mapped at: 0x0000000100000000-0x0000000140000000, reserved size: 1073741824
Narrow klass base: 0x0000000000000000, Narrow klass shift: 3, Narrow klass range: 0x140000000

GC Precious Log:
 CPUs: 2 total, 2 available
 Memory: 3819M
 Large Page Support: Disabled
 NUMA Support: Disabled
 Compressed Oops: Enabled (32-bit)
 Heap Region Size: 1M
 Heap Min Capacity: 8M
 Heap Initial Capacity: 60M
 Heap Max Capacity: 956M
 Pre-touch: Disabled
 Parallel Workers: 2
 Concurrent Workers: 1
 Concurrent Refinement Workers: 2
 Periodic GC: Disabled

Heap:
 garbage-first heap   total 61440K, used 1024K [0x00000000c4400000, 0x0000000100000000)
  region size 1024K, 2 young (2048K), 0 survivors (0K)
 Metaspace       used 6639K, committed 6784K, reserved 1056768K
  class space    used 563K, committed 640K, reserved 1048576K

Heap Regions: E=young(eden), S=young(survivor), O=old, HS=humongous(starts), HC=humongous(continues), CS=collection set, F=free, OA=open archive, CA=closed archive, TAMS=top-at-mark-start (previous, next)
|   0|0x00000000c4400000, 0x00000000c4400000, 0x00000000c4500000|  0%| F|  |TAMS 0x00000000c4400000, 0x00000000c4400000| Untracked 
|   1|0x00000000c4500000, 0x00000000c4500000, 0x00000000c4600000|  0%| F|  |TAMS 0x00000000c4500000, 0x00000000c4500000| Untracked 
|   2|0x00000000c4600000, 0x00000000c4600000, 0x00000000c4700000|  0%| F|  |TAMS 0x00000000c4600000, 0x00000000c4600000| Untracked 
|   3|0x00000000c4700000, 0x00000000c4700000, 0x00000000c4800000|  0%| F|  |TAMS 0x00000000c4700000, 0x00000000c4700000| Untracked 
|   4|0x00000000c4800000, 0x00000000c4800000, 0x00000000c4900000|  0%| F|  |TAMS 0x00000000c4800000, 0x00000000c4800000| Untracked 
|   5|0x00000000c4900000, 0x00000000c4900000, 0x00000000c4a00000|  0%| F|  |TAMS 0x00000000c4900000, 0x00000000c4900000| Untracked 
|   6|0x00000000c4a00000, 0x00000000c4a00000, 0x00000000c4b00000|  0%| F|  |TAMS 0x00000000c4a00000, 0x00000000c4a00000| Untracked 
|   7|0x00000000c4b00000, 0x00000000c4b00000, 0x00000000c4c00000|  0%| F|  |TAMS 0x00000000c4b00000, 0x00000000c4b00000| Untracked 
|   8|0x00000000c4c00000, 0x00000000c4c00000, 0x00000000c4d00000|  0%| F|  |TAMS 0x00000000c4c00000, 0x00000000c4c00000| Untracked 
|   9|0x00000000c4d00000, 0x00000000c4d00000, 0x00000000c4e00000|  0%| F|  |TAMS 0x00000000c4d00000, 0x00000000c4d00000| Untracked 
|  10|0x00000000c4e00000, 0x00000000c4e00000, 0x00000000c4f00000|  0%| F|  |TAMS 0x00000000c4e00000, 0x00000000c4e00000| Untracked 
|  11|0x00000000c4f00000, 0x00000000c4f00000, 0x00000000c5000000|  0%| F|  |TAMS 0x00000000c4f00000, 0x00000000c4f00000| Untracked 
|  12|0x00000000c5000000, 0x00000000c5000000, 0x00000000c5100000|  0%| F|  |TAMS 0x00000000c5000000, 0x00000000c5000000| Untracked 
|  13|0x00000000c5100000, 0x00000000c5100000, 0x00000000c5200000|  0%| F|  |TAMS 0x00000000c5100000, 0x00000000c5100000| Untracked 
|  14|0x00000000c5200000, 0x00000000c5200000, 0x00000000c5300000|  0%| F|  |TAMS 0x00000000c5200000, 0x00000000c5200000| Untracked 
|  15|0x00000000c5300000, 0x00000000c5300000, 0x00000000c5400000|  0%| F|  |TAMS 0x00000000c5300000, 0x00000000c5300000| Untracked 
|  16|0x00000000c5400000, 0x00000000c5400000, 0x00000000c5500000|  0%| F|  |TAMS 0x00000000c5400000, 0x00000000c5400000| Untracked 
|  17|0x00000000c5500000, 0x00000000c5500000, 0x00000000c5600000|  0%| F|  |TAMS 0x00000000c5500000, 0x00000000c5500000| Untracked 
|  18|0x00000000c5600000, 0x00000000c5600000, 0x00000000c5700000|  0%| F|  |TAMS 0x00000000c5600000, 0x00000000c5600000| Untracked 
|  19|0x00000000c5700000, 0x00000000c5700000, 0x00000000c5800000|  0%| F|  |TAMS 0x00000000c5700000, 0x00000000c5700000| Untracked 
|  20|0x00000000c5800000, 0x00000000c5800000, 0x00000000c5900000|  0%| F|  |TAMS 0x00000000c5800000, 0x00000000c5800000| Untracked 
|  21|0x00000000c5900000, 0x00000000c5900000, 0x00000000c5a00000|  0%| F|  |TAMS 0x00000000c5900000, 0x00000000c5900000| Untracked 
|  22|0x00000000c5a00000, 0x00000000c5a00000, 0x00000000c5b00000|  0%| F|  |TAMS 0x00000000c5a00000, 0x00000000c5a00000| Untracked 
|  23|0x00000000c5b00000, 0x00000000c5b00000, 0x00000000c5c00000|  0%| F|  |TAMS 0x00000000c5b00000, 0x00000000c5b00000| Untracked 
|  24|0x00000000c5c00000, 0x00000000c5c00000, 0x00000000c5d00000|  0%| F|  |TAMS 0x00000000c5c00000, 0x00000000c5c00000| Untracked 
|  25|0x00000000c5d00000, 0x00000000c5d00000, 0x00000000c5e00000|  0%| F|  |TAMS 0x00000000c5d00000, 0x00000000c5d00000| Untracked 
|  26|0x00000000c5e00000, 0x00000000c5e00000, 0x00000000c5f00000|  0%| F|  |TAMS 0x00000000c5e00000, 0x00000000c5e00000| Untracked 
|  27|0x00000000c5f00000, 0x00000000c5f00000, 0x00000000c6000000|  0%| F|  |TAMS 0x00000000c5f00000, 0x00000000c5f00000| Untracked 
|  28|0x00000000c6000000, 0x00000000c6000000, 0x00000000c6100000|  0%| F|  |TAMS 0x00000000c6000000, 0x00000000c6000000| Untracked 
|  29|0x00000000c6100000, 0x00000000c6100000, 0x00000000c6200000|  0%| F|  |TAMS 0x00000000c6100000, 0x00000000c6100000| Untracked 
|  30|0x00000000c6200000, 0x00000000c6200000, 0x00000000c6300000|  0%| F|  |TAMS 0x00000000c6200000, 0x00000000c6200000| Untracked 
|  31|0x00000000c6300000, 0x00000000c6300000, 0x00000000c6400000|  0%| F|  |TAMS 0x00000000c6300000, 0x00000000c6300000| Untracked 
|  32|0x00000000c6400000, 0x00000000c6400000, 0x00000000c6500000|  0%| F|  |TAMS 0x00000000c6400000, 0x00000000c6400000| Untracked 
|  33|0x00000000c6500000, 0x00000000c6500000, 0x00000000c6600000|  0%| F|  |TAMS 0x00000000c6500000, 0x00000000c6500000| Untracked 
|  34|0x00000000c6600000, 0x00000000c6600000, 0x00000000c6700000|  0%| F|  |TAMS 0x00000000c6600000, 0x00000000c6600000| Untracked 
|  35|0x00000000c6700000, 0x00000000c6700000, 0x00000000c6800000|  0%| F|  |TAMS 0x00000000c6700000, 0x00000000c6700000| Untracked 
|  36|0x00000000c6800000, 0x00000000c6800000, 0x00000000c6900000|  0%| F|  |TAMS 0x00000000c6800000, 0x00000000c6800000| Untracked 
|  37|0x00000000c6900000, 0x00000000c6900000, 0x00000000c6a00000|  0%| F|  |TAMS 0x00000000c6900000, 0x00000000c6900000| Untracked 
|  38|0x00000000c6a00000, 0x00000000c6a00000, 0x00000000c6b00000|  0%| F|  |TAMS 0x00000000c6a00000, 0x00000000c6a00000| Untracked 
|  39|0x00000000c6b00000, 0x00000000c6b00000, 0x00000000c6c00000|  0%| F|  |TAMS 0x00000000c6b00000, 0x00000000c6b00000| Untracked 
|  40|0x00000000c6c00000, 0x00000000c6c00000, 0x00000000c6d00000|  0%| F|  |TAMS 0x00000000c6c00000, 0x00000000c6c00000| Untracked 
|  41|0x00000000c6d00000, 0x00000000c6d00000, 0x00000000c6e00000|  0%| F|  |TAMS 0x00000000c6d00000, 0x00000000c6d00000| Untracked 
|  42|0x00000000c6e00000, 0x00000000c6e00000, 0x00000000c6f00000|  0%| F|  |TAMS 0x00000000c6e00000, 0x00000000c6e00000| Untracked 
|  43|0x00000000c6f00000, 0x00000000c6f00000, 0x00000000c7000000|  0%| F|  |TAMS 0x00000000c6f00000, 0x00000000c6f00000| Untracked 
|  44|0x00000000c7000000, 0x00000000c7000000, 0x00000000c7100000|  0%| F|  |TAMS 0x00000000c7000000, 0x00000000c7000000| Untracked 
|  45|0x00000000c7100000, 0x00000000c7100000, 0x00000000c7200000|  0%| F|  |TAMS 0x00000000c7100000, 0x00000000c7100000| Untracked 
|  46|0x00000000c7200000, 0x00000000c7200000, 0x00000000c7300000|  0%| F|  |TAMS 0x00000000c7200000, 0x00000000c7200000| Untracked 
|  47|0x00000000c7300000, 0x00000000c7300000, 0x00000000c7400000|  0%| F|  |TAMS 0x00000000c7300000, 0x00000000c7300000| Untracked 
|  48|0x00000000c7400000, 0x00000000c7400000, 0x00000000c7500000|  0%| F|  |TAMS 0x00000000c7400000, 0x00000000c7400000| Untracked 
|  49|0x00000000c7500000, 0x00000000c7500000, 0x00000000c7600000|  0%| F|  |TAMS 0x00000000c7500000, 0x00000000c7500000| Untracked 
|  50|0x00000000c7600000, 0x00000000c7600000, 0x00000000c7700000|  0%| F|  |TAMS 0x00000000c7600000, 0x00000000c7600000| Untracked 
|  51|0x00000000c7700000, 0x00000000c7700000, 0x00000000c7800000|  0%| F|  |TAMS 0x00000000c7700000, 0x00000000c7700000| Untracked 
|  52|0x00000000c7800000, 0x00000000c7800000, 0x00000000c7900000|  0%| F|  |TAMS 0x00000000c7800000, 0x00000000c7800000| Untracked 
|  53|0x00000000c7900000, 0x00000000c7900000, 0x00000000c7a00000|  0%| F|  |TAMS 0x00000000c7900000, 0x00000000c7900000| Untracked 
|  54|0x00000000c7a00000, 0x00000000c7a00000, 0x00000000c7b00000|  0%| F|  |TAMS 0x00000000c7a00000, 0x00000000c7a00000| Untracked 
|  55|0x00000000c7b00000, 0x00000000c7b00000, 0x00000000c7c00000|  0%| F|  |TAMS 0x00000000c7b00000, 0x00000000c7b00000| Untracked 
|  56|0x00000000c7c00000, 0x00000000c7c00000, 0x00000000c7d00000|  0%| F|  |TAMS 0x00000000c7c00000, 0x00000000c7c00000| Untracked 
|  57|0x00000000c7d00000, 0x00000000c7d00000, 0x00000000c7e00000|  0%| F|  |TAMS 0x00000000c7d00000, 0x00000000c7d00000| Untracked 
|  58|0x00000000c7e00000, 0x00000000c7e5d048, 0x00000000c7f00000| 36%| E|  |TAMS 0x00000000c7e00000, 0x00000000c7e00000| Complete 
|  59|0x00000000c7f00000, 0x00000000c8000000, 0x00000000c8000000|100%| E|CS|TAMS 0x00000000c7f00000, 0x00000000c7f00000| Complete 

Card table byte_map: [0x00000246982c0000,0x00000246984a0000] _byte_map_base: 0x0000024697c9e000

Marking Bits (Prev, Next): (CMBitMap*) 0x000002469855d390, (CMBitMap*) 0x000002469855d3d0
 Prev Bits: [0x00000246af270000, 0x00000246b0160000)
 Next Bits: [0x00000246b0160000, 0x00000246b1050000)

Polling page: 0x00000246963f0000

Metaspace:

Usage:
  Non-class:      5.93 MB used.
      Class:    563.42 KB used.
       Both:      6.48 MB used.

Virtual space:
  Non-class space:        8.00 MB reserved,       6.00 MB ( 75%) committed,  1 nodes.
      Class space:        1.00 GB reserved,     640.00 KB ( <1%) committed,  1 nodes.
             Both:        1.01 GB reserved,       6.62 MB ( <1%) committed. 

Chunk freelists:
   Non-Class:  2.03 MB
       Class:  3.23 MB
        Both:  5.26 MB

MaxMetaspaceSize: unlimited
CompressedClassSpaceSize: 1.00 GB
Initial GC threshold: 21.00 MB
Current GC threshold: 21.00 MB
CDS: off
MetaspaceReclaimPolicy: balanced
 - commit_granule_bytes: 65536.
 - commit_granule_words: 8192.
 - virtual_space_node_default_size: 1048576.
 - enlarge_chunks_in_place: 1.
 - new_chunks_are_fully_committed: 0.
 - uncommit_free_chunks: 1.
 - use_allocation_guard: 0.
 - handle_deallocations: 1.


Internal statistics:

num_allocs_failed_limit: 0.
num_arena_births: 22.
num_arena_deaths: 0.
num_vsnodes_births: 2.
num_vsnodes_deaths: 0.
num_space_committed: 106.
num_space_uncommitted: 0.
num_chunks_returned_to_freelist: 0.
num_chunks_taken_from_freelist: 47.
num_chunk_merges: 0.
num_chunk_splits: 22.
num_chunks_enlarged: 15.
num_purges: 0.
num_inconsistent_stats: 0.

CodeHeap 'non-profiled nmethods': size=120064Kb used=67Kb max_used=67Kb free=119996Kb
 bounds [0x00000246a7b50000, 0x00000246a7dc0000, 0x00000246af090000]
CodeHeap 'profiled nmethods': size=120000Kb used=239Kb max_used=239Kb free=119761Kb
 bounds [0x00000246a0620000, 0x00000246a0890000, 0x00000246a7b50000]
CodeHeap 'non-nmethods': size=5696Kb used=1114Kb max_used=1114Kb free=4581Kb
 bounds [0x00000246a0090000, 0x00000246a0300000, 0x00000246a0620000]
 total_blobs=592 nmethods=214 adapters=291
 compilation: enabled
              stopped_count=0, restarted_count=0
 full_count=0

Compilation events (20 events):
Event: 0.471 Thread 0x00000246b3428420 nmethod 193 0x00000246a0653c90 code [0x00000246a0653e40, 0x00000246a0653fc8]
Event: 0.471 Thread 0x00000246b3428420  194       3       jdk.internal.org.objectweb.asm.SymbolTable::hash (10 bytes)
Event: 0.471 Thread 0x00000246b3428420 nmethod 194 0x00000246a0654090 code [0x00000246a0654220, 0x00000246a0654348]
Event: 0.471 Thread 0x00000246b3428420  195       3       jdk.internal.org.objectweb.asm.SymbolTable::addConstantUtf8 (98 bytes)
Event: 0.472 Thread 0x00000246b3428420 nmethod 195 0x00000246a0654410 code [0x00000246a0654640, 0x00000246a0654c38]
Event: 0.473 Thread 0x00000246b3428420  196       3       java.lang.invoke.MemberName::testAllFlags (7 bytes)
Event: 0.474 Thread 0x00000246b3428420 nmethod 196 0x00000246a0654f90 code [0x00000246a0655120, 0x00000246a06552f8]
Event: 0.475 Thread 0x00000246b3428420  197       1       java.lang.invoke.MethodHandle::type (5 bytes)
Event: 0.475 Thread 0x00000246b3428420 nmethod 197 0x00000246a7b5f190 code [0x00000246a7b5f320, 0x00000246a7b5f3f8]
Event: 0.476 Thread 0x00000246b3428420  198       3       jdk.internal.org.objectweb.asm.ByteVector::putShort (52 bytes)
Event: 0.476 Thread 0x00000246b3428420 nmethod 198 0x00000246a0655390 code [0x00000246a0655540, 0x00000246a0655748]
Event: 0.476 Thread 0x00000246b3428420  199       3       java.lang.invoke.MemberName::initResolved (53 bytes)
Event: 0.476 Thread 0x00000246b3428420 nmethod 199 0x00000246a0655890 code [0x00000246a0655a20, 0x00000246a0655bd8]
Event: 0.478 Thread 0x00000246b3428420  202       3       java.lang.ref.Reference::<init> (25 bytes)
Event: 0.478 Thread 0x00000246b3428420 nmethod 202 0x00000246a0655c90 code [0x00000246a0655e40, 0x00000246a06560b8]
Event: 0.479 Thread 0x00000246b3428420  203       3       jdk.internal.org.objectweb.asm.SymbolTable::put (150 bytes)
Event: 0.479 Thread 0x00000246b3428420 nmethod 203 0x00000246a0656190 code [0x00000246a0656380, 0x00000246a0656bd8]
Event: 0.480 Thread 0x00000246b3428420  207       1       java.lang.invoke.MethodTypeForm::erasedType (5 bytes)
Event: 0.480 Thread 0x00000246b3428420 nmethod 207 0x00000246a7b60390 code [0x00000246a7b60520, 0x00000246a7b605f8]
Event: 0.481 Thread 0x00000246b3428420  208       3       sun.invoke.util.VerifyAccess::isTypeVisible (118 bytes)

GC Heap History (0 events):
No events

Dll operation events (8 events):
Event: 0.016 Loaded shared library C:\Program Files\Java\zulu17.38.21-ca-jdk17.0.5-win_x64\bin\java.dll
Event: 0.073 Loaded shared library C:\Program Files\Java\zulu17.38.21-ca-jdk17.0.5-win_x64\bin\jsvml.dll
Event: 0.258 Loaded shared library C:\Program Files\Java\zulu17.38.21-ca-jdk17.0.5-win_x64\bin\net.dll
Event: 0.260 Loaded shared library C:\Program Files\Java\zulu17.38.21-ca-jdk17.0.5-win_x64\bin\nio.dll
Event: 0.275 Loaded shared library C:\Program Files\Java\zulu17.38.21-ca-jdk17.0.5-win_x64\bin\zip.dll
Event: 0.288 Loaded shared library C:\Program Files\Java\zulu17.38.21-ca-jdk17.0.5-win_x64\bin\verify.dll
Event: 0.297 Loaded shared library C:\Program Files\Java\zulu17.38.21-ca-jdk17.0.5-win_x64\bin\jimage.dll
Event: 0.325 Loaded shared library C:\Program Files\Java\zulu17.38.21-ca-jdk17.0.5-win_x64\bin\attach.dll

Deoptimization events (0 events):
No events

Classes unloaded (0 events):
No events

Classes redefined (0 events):
No events

Internal exceptions (0 events):
No events

VM Operations (2 events):
Event: 0.277 Executing VM operation: HandshakeAllThreads
Event: 0.277 Executing VM operation: HandshakeAllThreads done

Events (20 events):
Event: 0.396 loading class java/util/regex/Pattern$BranchConn
Event: 0.396 loading class java/util/regex/Pattern$BranchConn done
Event: 0.396 loading class java/util/regex/Pattern$Branch
Event: 0.396 loading class java/util/regex/Pattern$Branch done
Event: 0.402 loading class java/lang/IllegalAccessException
Event: 0.402 loading class java/lang/IllegalAccessException done
Event: 0.402 loading class java/lang/InstantiationException
Event: 0.402 loading class java/lang/InstantiationException done
Event: 0.402 loading class java/lang/reflect/InvocationTargetException
Event: 0.402 loading class java/lang/reflect/InvocationTargetException done
Event: 0.403 loading class java/io/FileNotFoundException
Event: 0.403 loading class java/io/FileNotFoundException done
Event: 0.460 loading class jdk/internal/perf/Perf$CleanerAction
Event: 0.461 loading class jdk/internal/perf/Perf$CleanerAction done
Event: 0.473 loading class java/lang/invoke/BoundMethodHandle$Species_LLL
Event: 0.473 loading class java/lang/invoke/BoundMethodHandle$Species_LLL done
Event: 0.477 loading class java/lang/invoke/BoundMethodHandle$Species_LLLL
Event: 0.478 loading class java/lang/invoke/BoundMethodHandle$Species_LLLL done
Event: 0.480 loading class java/lang/invoke/BoundMethodHandle$Species_LLLLL
Event: 0.480 loading class java/lang/invoke/BoundMethodHandle$Species_LLLLL done


Dynamic libraries:
0x00007ff7d0cf0000 - 0x00007ff7d0cfe000 	C:\Program Files\Java\zulu17.38.21-ca-jdk17.0.5-win_x64\bin\java.exe
0x00007ff9bc550000 - 0x00007ff9bc767000 	C:\WINDOWS\SYSTEM32\ntdll.dll
0x00007ff9882d0000 - 0x00007ff9882e9000 	C:\Program Files\Avast Software\Avast\aswhook.dll
0x00007ff9bab40000 - 0x00007ff9bac04000 	C:\WINDOWS\System32\KERNEL32.DLL
0x00007ff9b9be0000 - 0x00007ff9b9f86000 	C:\WINDOWS\System32\KERNELBASE.dll
0x00007ff9b9a20000 - 0x00007ff9b9b31000 	C:\WINDOWS\System32\ucrtbase.dll
0x00007ff9add10000 - 0x00007ff9add27000 	C:\Program Files\Java\zulu17.38.21-ca-jdk17.0.5-win_x64\bin\jli.dll
0x00007ff9bbfd0000 - 0x00007ff9bc17e000 	C:\WINDOWS\System32\USER32.dll
0x00007ff9b9930000 - 0x00007ff9b9956000 	C:\WINDOWS\System32\win32u.dll
0x00007ff9bab10000 - 0x00007ff9bab39000 	C:\WINDOWS\System32\GDI32.dll
0x00007ff9ba010000 - 0x00007ff9ba128000 	C:\WINDOWS\System32\gdi32full.dll
0x00007ff9b9b40000 - 0x00007ff9b9bda000 	C:\WINDOWS\System32\msvcp_win.dll
0x00007ff9aaa10000 - 0x00007ff9aaa2b000 	C:\Program Files\Java\zulu17.38.21-ca-jdk17.0.5-win_x64\bin\VCRUNTIME140.dll
0x00007ff9a2190000 - 0x00007ff9a2423000 	C:\WINDOWS\WinSxS\amd64_microsoft.windows.common-controls_6595b64144ccf1df_6.0.22621.2506_none_270c5ae97388e100\COMCTL32.dll
0x00007ff9ba800000 - 0x00007ff9ba8a7000 	C:\WINDOWS\System32\msvcrt.dll
0x00007ff9bb8f0000 - 0x00007ff9bb921000 	C:\WINDOWS\System32\IMM32.DLL
0x00007ff9b10d0000 - 0x00007ff9b10dc000 	C:\Program Files\Java\zulu17.38.21-ca-jdk17.0.5-win_x64\bin\vcruntime140_1.dll
0x00007ff988240000 - 0x00007ff9882cd000 	C:\Program Files\Java\zulu17.38.21-ca-jdk17.0.5-win_x64\bin\msvcp140.dll
0x00007ff942040000 - 0x00007ff942ca2000 	C:\Program Files\Java\zulu17.38.21-ca-jdk17.0.5-win_x64\bin\server\jvm.dll
0x00007ff9ba3b0000 - 0x00007ff9ba463000 	C:\WINDOWS\System32\ADVAPI32.dll
0x00007ff9bac10000 - 0x00007ff9bacb8000 	C:\WINDOWS\System32\sechost.dll
0x00007ff9b9900000 - 0x00007ff9b9928000 	C:\WINDOWS\System32\bcrypt.dll
0x00007ff9bacd0000 - 0x00007ff9bade7000 	C:\WINDOWS\System32\RPCRT4.dll
0x00007ff9a13a0000 - 0x00007ff9a13a9000 	C:\WINDOWS\SYSTEM32\WSOCK32.dll
0x00007ff9baf80000 - 0x00007ff9baff1000 	C:\WINDOWS\System32\WS2_32.dll
0x00007ff9a97d0000 - 0x00007ff9a9804000 	C:\WINDOWS\SYSTEM32\WINMM.dll
0x00007ff9a8d50000 - 0x00007ff9a8d5a000 	C:\WINDOWS\SYSTEM32\VERSION.dll
0x00007ff9b88d0000 - 0x00007ff9b88e8000 	C:\WINDOWS\SYSTEM32\kernel.appcore.dll
0x00007ff9aaec0000 - 0x00007ff9aaeca000 	C:\Program Files\Java\zulu17.38.21-ca-jdk17.0.5-win_x64\bin\jimage.dll
0x00007ff9b72f0000 - 0x00007ff9b7523000 	C:\WINDOWS\SYSTEM32\DBGHELP.DLL
0x00007ff9bc180000 - 0x00007ff9bc509000 	C:\WINDOWS\System32\combase.dll
0x00007ff9ba720000 - 0x00007ff9ba7f7000 	C:\WINDOWS\System32\OLEAUT32.dll
0x00007ff9a72a0000 - 0x00007ff9a72d2000 	C:\WINDOWS\SYSTEM32\dbgcore.DLL
0x00007ff9b9f90000 - 0x00007ff9ba00a000 	C:\WINDOWS\System32\bcryptPrimitives.dll
0x00007ff9a8640000 - 0x00007ff9a8665000 	C:\Program Files\Java\zulu17.38.21-ca-jdk17.0.5-win_x64\bin\java.dll
0x00007ff988160000 - 0x00007ff988237000 	C:\Program Files\Java\zulu17.38.21-ca-jdk17.0.5-win_x64\bin\jsvml.dll
0x00007ff9bb090000 - 0x00007ff9bb8eb000 	C:\WINDOWS\System32\SHELL32.dll
0x00007ff9b77a0000 - 0x00007ff9b8096000 	C:\WINDOWS\SYSTEM32\windows.storage.dll
0x00007ff9b7660000 - 0x00007ff9b779e000 	C:\WINDOWS\SYSTEM32\wintypes.dll
0x00007ff9ba480000 - 0x00007ff9ba573000 	C:\WINDOWS\System32\SHCORE.dll
0x00007ff9ba350000 - 0x00007ff9ba3ae000 	C:\WINDOWS\System32\shlwapi.dll
0x00007ff9b97c0000 - 0x00007ff9b97e6000 	C:\WINDOWS\SYSTEM32\profapi.dll
0x00007ff9aa9f0000 - 0x00007ff9aaa09000 	C:\Program Files\Java\zulu17.38.21-ca-jdk17.0.5-win_x64\bin\net.dll
0x00007ff9af210000 - 0x00007ff9af347000 	C:\WINDOWS\SYSTEM32\WINHTTP.dll
0x00007ff9b8dc0000 - 0x00007ff9b8e29000 	C:\WINDOWS\system32\mswsock.dll
0x00007ff9a9460000 - 0x00007ff9a9476000 	C:\Program Files\Java\zulu17.38.21-ca-jdk17.0.5-win_x64\bin\nio.dll
0x00007ff9a6e10000 - 0x00007ff9a6e28000 	C:\Program Files\Java\zulu17.38.21-ca-jdk17.0.5-win_x64\bin\zip.dll
0x00007ff9aab80000 - 0x00007ff9aab90000 	C:\Program Files\Java\zulu17.38.21-ca-jdk17.0.5-win_x64\bin\verify.dll
0x00007ff9aa690000 - 0x00007ff9aa699000 	C:\Program Files\Java\zulu17.38.21-ca-jdk17.0.5-win_x64\bin\attach.dll
0x00007ff9ba340000 - 0x00007ff9ba348000 	C:\WINDOWS\System32\PSAPI.DLL

dbghelp: loaded successfully - version: 4.0.5 - missing functions: none
symbol engine: initialized successfully - sym options: 0x614 - pdb path: .;C:\Program Files\Java\zulu17.38.21-ca-jdk17.0.5-win_x64\bin;C:\WINDOWS\SYSTEM32;C:\Program Files\Avast Software\Avast;C:\WINDOWS\WinSxS\amd64_microsoft.windows.common-controls_6595b64144ccf1df_6.0.22621.2506_none_270c5ae97388e100;C:\Program Files\Java\zulu17.38.21-ca-jdk17.0.5-win_x64\bin\server

VM Arguments:
jvm_args: -Dnet.bytebuddy.agent.attacher.dump= 
java_command: net.bytebuddy.agent.Attacher com.sun.tools.attach.VirtualMachine 4844 C:\Users\joane\.m2\repository\net\bytebuddy\byte-buddy-agent\1.14.9\byte-buddy-agent-1.14.9.jar false 
java_class_path (initial): C:\Users\joane\.m2\repository\net\bytebuddy\byte-buddy-agent\1.14.9\byte-buddy-agent-1.14.9.jar
Launcher Type: SUN_STANDARD

[Global flags]
     intx CICompilerCount                          = 2                                         {product} {ergonomic}
     uint ConcGCThreads                            = 1                                         {product} {ergonomic}
     uint G1ConcRefinementThreads                  = 2                                         {product} {ergonomic}
   size_t G1HeapRegionSize                         = 1048576                                   {product} {ergonomic}
    uintx GCDrainStackTargetSize                   = 64                                        {product} {ergonomic}
   size_t InitialHeapSize                          = 62914560                                  {product} {ergonomic}
   size_t MarkStackSize                            = 4194304                                   {product} {ergonomic}
   size_t MaxHeapSize                              = 1002438656                                {product} {ergonomic}
   size_t MaxNewSize                               = 600834048                                 {product} {ergonomic}
   size_t MinHeapDeltaBytes                        = 1048576                                   {product} {ergonomic}
   size_t MinHeapSize                              = 8388608                                   {product} {ergonomic}
    uintx NonNMethodCodeHeapSize                   = 5826188                                {pd product} {ergonomic}
    uintx NonProfiledCodeHeapSize                  = 122916026                              {pd product} {ergonomic}
    uintx ProfiledCodeHeapSize                     = 122916026                              {pd product} {ergonomic}
    uintx ReservedCodeCacheSize                    = 251658240                              {pd product} {ergonomic}
     bool SegmentedCodeCache                       = true                                      {product} {ergonomic}
   size_t SoftMaxHeapSize                          = 1002438656                             {manageable} {ergonomic}
     bool UseCompressedClassPointers               = true                           {product lp64_product} {ergonomic}
     bool UseCompressedOops                        = true                           {product lp64_product} {ergonomic}
     bool UseG1GC                                  = true                                      {product} {ergonomic}
     bool UseLargePagesIndividualAllocation        = false                                  {pd product} {ergonomic}

Logging:
Log output configuration:
 #0: stdout all=warning uptime,level,tags
 #1: stderr all=off uptime,level,tags

Environment Variables:
JAVA_HOME=C:\Program Files\Java\zulu17.38.21-ca-jdk17.0.5-win_x64
CLASSPATH=.;C:\Program Files\Java\zulu17.38.21-ca-jdk17.0.5-win_x64\lib;
PATH=C:/sts-4.18.1.RELEASE//plugins/org.eclipse.justj.openjdk.hotspot.jre.full.win32.x86_64_17.0.7.v20230425-1502/jre/bin/server;C:/sts-4.18.1.RELEASE//plugins/org.eclipse.justj.openjdk.hotspot.jre.full.win32.x86_64_17.0.7.v20230425-1502/jre/bin;C:\Program Files\Java\zulu17.38.21-ca-jdk17.0.5-win_x64\bin;";%PATH%;C:\Program Files\Java\zulu17.38.21-ca-jdk17.0.5-win_x64\bin";C:\Program Files\Java\zulu17.38.21-ca-jdk17.0.5-win_x64\bin;C:\WINDOWS\system32;C:\WINDOWS;C:\WINDOWS\System32\Wbem;C:\WINDOWS\System32\WindowsPowerShell\v1.0\;C:\WINDOWS\System32\OpenSSH\;C:\Program Files\Java\MAVEN\apache-maven-3.9.2\bin;C:\Program Files\Java\zulu17.38.21-ca-jdk17.0.5-win_x64\bin;C:\Program Files\Java\jre7;C:\Program Files\Docker\Docker\resources\bin;C:\Program Files\Git\cmd;C:\Program Files\MongoDB\Server\7.0\bin;C:\Program Files\MySQL\MySQL Shell 8.0\bin\;C:\Users\joane\AppData\Local\Microsoft\WindowsApps;C:\Program Files\heroku\bin;;C:\Users\joane\AppData\Local\Programs\Microsoft VS Code\bin;C:\sts-4.18.1.RELEASE;
USERNAME=joane
OS=Windows_NT
PROCESSOR_IDENTIFIER=Intel64 Family 6 Model 140 Stepping 1, GenuineIntel
TMP=C:\Users\joane\AppData\Local\Temp
TEMP=C:\Users\joane\AppData\Local\Temp



---------------  S Y S T E M  ---------------

OS:
 Windows 11 , 64 bit Build 22621 (10.0.22621.3085)
OS uptime: 3 days 23:36 hours
Hyper-V role detected

CPU: total 2 (initial active 2) (2 cores per cpu, 1 threads per core) family 6 model 140 stepping 1 microcode 0x8a, cx8, cmov, fxsr, mmx, 3dnowpref, sse, sse2, sse3, ssse3, sse4.1, sse4.2, popcnt, lzcnt, tsc, tscinvbit, avx, avx2, aes, erms, clmul, bmi1, bmi2, adx, avx512f, avx512dq, avx512cd, avx512bw, avx512vl, sha, fma, vzeroupper, avx512_vpopcntdq, avx512_vpclmulqdq, avx512_vaes, avx512_vnni, clflush, clflushopt, clwb, avx512_vbmi2, avx512_vbmi, hv

Memory: 4k page, system-wide physical 3819M (281M free)
TotalPageFile size 15595M (AvailPageFile size 1M)
current process WorkingSet (physical memory assigned to process): 32M, peak: 32M
current process commit charge ("private bytes"): 122M, peak: 122M

vm_info: OpenJDK 64-Bit Server VM (17.0.5+8-LTS) for windows-amd64 JRE (17.0.5+8-LTS) (Zulu17.38+21-CA), built on Oct  7 2022 12:56:14 by "zulu_re" with MS VC++ 16.10 / 16.11 (VS2019)

END.
