#
# There is insufficient memory for the Java Runtime Environment to continue.
# Native memory allocation (malloc) failed to allocate 32744 bytes for ChunkPool::allocate
# Possible reasons:
#   The system is out of physical RAM or swap space
#   The process is running with CompressedOops enabled, and the Java Heap may be blocking the growth of the native heap
# Possible solutions:
#   Reduce memory load on the system
#   Increase physical memory or swap space
#   Check if swap backing store is full
#   Decrease Java heap size (-Xmx/-Xms)
#   Decrease number of Java threads
#   Decrease Java thread stack sizes (-Xss)
#   Set larger code cache with -XX:ReservedCodeCacheSize=
#   JVM is running with Unscaled Compressed Oops mode in which the Java heap is
#     placed in the first 4GB address space. The Java Heap base address is the
#     maximum limit for the native heap growth. Please use -XX:HeapBaseMinAddress
#     to set the Java Heap base and to place the Java Heap above 4GB virtual address.
# This output file may be truncated or incomplete.
#
#  Out of Memory Error (arena.cpp:78), pid=16072, tid=9060
#
# JRE version: OpenJDK Runtime Environment Zulu17.38+21-CA (17.0.5+8) (build 17.0.5+8-LTS)
# Java VM: OpenJDK 64-Bit Server VM Zulu17.38+21-CA (17.0.5+8-LTS, mixed mode, sharing, tiered, compressed oops, compressed class ptrs, g1 gc, windows-amd64)
# No core dump will be written. Minidumps are not enabled by default on client versions of Windows
#

---------------  S U M M A R Y ------------

Command Line: -Dnet.bytebuddy.agent.attacher.dump= net.bytebuddy.agent.Attacher com.sun.tools.attach.VirtualMachine 16932 C:\Users\joane\.m2\repository\net\bytebuddy\byte-buddy-agent\1.14.9\byte-buddy-agent-1.14.9.jar false 

Host: Intel(R) Celeron(R) 6305 @ 1.80GHz, 2 cores, 3G,  Windows 11 , 64 bit Build 22621 (10.0.22621.3085)
Time: Mon Jan 29 18:27:53 2024 Hora Padrão da Bahia elapsed time: 1.263040 seconds (0d 0h 0m 1s)

---------------  T H R E A D  ---------------

Current thread (0x000002ea1b28f590):  JavaThread "C1 CompilerThread0" daemon [_thread_in_native, id=9060, stack(0x000000eaf5e00000,0x000000eaf5f00000)]


Current CompileTask:
C1:   1263  223       3       jdk.internal.org.objectweb.asm.Frame::execute (2305 bytes)

Stack: [0x000000eaf5e00000,0x000000eaf5f00000]
Native frames: (J=compiled Java code, j=interpreted, Vv=VM code, C=native code)
V  [jvm.dll+0x67bc7a]
V  [jvm.dll+0x837104]
V  [jvm.dll+0x8388ae]
V  [jvm.dll+0x838f13]
V  [jvm.dll+0x248935]
V  [jvm.dll+0xabf6c]
V  [jvm.dll+0xac31c]
V  [jvm.dll+0x16572e]
V  [jvm.dll+0x15d96e]
V  [jvm.dll+0x14bc70]
V  [jvm.dll+0x134787]
V  [jvm.dll+0x13410f]
V  [jvm.dll+0x134346]
V  [jvm.dll+0x1337da]
V  [jvm.dll+0x1354a1]
V  [jvm.dll+0x226dda]
V  [jvm.dll+0x224f35]
V  [jvm.dll+0x7eca8c]
V  [jvm.dll+0x7e6fea]
V  [jvm.dll+0x67ab25]
C  [ucrtbase.dll+0x29363]
C  [KERNEL32.DLL+0x1257d]
C  [ntdll.dll+0x5aa58]


---------------  P R O C E S S  ---------------

Threads class SMR info:
_java_thread_list=0x000002ea1bd588a0, length=12, elements={
0x000002ea7fbc2250, 0x000002ea7fc66330, 0x000002ea7fc66ef0, 0x000002ea7fc78d50,
0x000002ea7fc79910, 0x000002ea7fc7e2f0, 0x000002ea1b28dfd0, 0x000002ea1b28ebd0,
0x000002ea1b28f590, 0x000002ea1b290730, 0x000002ea1bd7ae10, 0x000002ea1bd81750
}

Java Threads: ( => current thread )
  0x000002ea7fbc2250 JavaThread "main" [_thread_in_Java, id=15516, stack(0x000000eaf5000000,0x000000eaf5100000)]
  0x000002ea7fc66330 JavaThread "Reference Handler" daemon [_thread_blocked, id=11772, stack(0x000000eaf5700000,0x000000eaf5800000)]
  0x000002ea7fc66ef0 JavaThread "Finalizer" daemon [_thread_blocked, id=588, stack(0x000000eaf5800000,0x000000eaf5900000)]
  0x000002ea7fc78d50 JavaThread "Signal Dispatcher" daemon [_thread_blocked, id=6744, stack(0x000000eaf5900000,0x000000eaf5a00000)]
  0x000002ea7fc79910 JavaThread "Attach Listener" daemon [_thread_blocked, id=14816, stack(0x000000eaf5a00000,0x000000eaf5b00000)]
  0x000002ea7fc7e2f0 JavaThread "Service Thread" daemon [_thread_blocked, id=16132, stack(0x000000eaf5b00000,0x000000eaf5c00000)]
  0x000002ea1b28dfd0 JavaThread "Monitor Deflation Thread" daemon [_thread_blocked, id=15612, stack(0x000000eaf5c00000,0x000000eaf5d00000)]
  0x000002ea1b28ebd0 JavaThread "C2 CompilerThread0" daemon [_thread_blocked, id=19132, stack(0x000000eaf5d00000,0x000000eaf5e00000)]
=>0x000002ea1b28f590 JavaThread "C1 CompilerThread0" daemon [_thread_in_native, id=9060, stack(0x000000eaf5e00000,0x000000eaf5f00000)]
  0x000002ea1b290730 JavaThread "Sweeper thread" daemon [_thread_blocked, id=16300, stack(0x000000eaf5f00000,0x000000eaf6000000)]
  0x000002ea1bd7ae10 JavaThread "Notification Thread" daemon [_thread_blocked, id=9804, stack(0x000000eaf6000000,0x000000eaf6100000)]
  0x000002ea1bd81750 JavaThread "Common-Cleaner" daemon [_thread_blocked, id=3028, stack(0x000000eaf6200000,0x000000eaf6300000)]

Other Threads:
  0x000002ea7fc600c0 VMThread "VM Thread" [stack: 0x000000eaf5600000,0x000000eaf5700000] [id=16704]
  0x000002ea1bd7b2f0 WatcherThread [stack: 0x000000eaf6100000,0x000000eaf6200000] [id=8796]
  0x000002ea7fbfccf0 GCTaskThread "GC Thread#0" [stack: 0x000000eaf5100000,0x000000eaf5200000] [id=13900]
  0x000002ea7fc053c0 ConcurrentGCThread "G1 Main Marker" [stack: 0x000000eaf5200000,0x000000eaf5300000] [id=8772]
  0x000002ea7fc05ea0 ConcurrentGCThread "G1 Conc#0" [stack: 0x000000eaf5300000,0x000000eaf5400000] [id=8264]
  0x000002ea7fc38970 ConcurrentGCThread "G1 Refine#0" [stack: 0x000000eaf5400000,0x000000eaf5500000] [id=8440]
  0x000002ea7fc393a0 ConcurrentGCThread "G1 Service" [stack: 0x000000eaf5500000,0x000000eaf5600000] [id=4692]

Threads with active compile tasks:
C1 CompilerThread0     1336  223       3       jdk.internal.org.objectweb.asm.Frame::execute (2305 bytes)

VM state: not at safepoint (normal execution)

VM Mutex/Monitor currently owned by a thread: None

Heap address: 0x00000000c4400000, size: 956 MB, Compressed Oops mode: 32-bit

CDS archive(s) mapped at: [0x0000000800000000-0x0000000800c00000-0x0000000800c00000), size 12582912, SharedBaseAddress: 0x0000000800000000, ArchiveRelocationMode: 0.
Compressed class space mapped at: 0x0000000800c00000-0x0000000840c00000, reserved size: 1073741824
Narrow klass base: 0x0000000800000000, Narrow klass shift: 0, Narrow klass range: 0x100000000

GC Precious Log:
 CPUs: 2 total, 2 available
 Memory: 3819M
 Large Page Support: Disabled
 NUMA Support: Disabled
 Compressed Oops: Enabled (32-bit)
 Heap Region Size: 1M
 Heap Min Capacity: 8M
 Heap Initial Capacity: 60M
 Heap Max Capacity: 956M
 Pre-touch: Disabled
 Parallel Workers: 2
 Concurrent Workers: 1
 Concurrent Refinement Workers: 2
 Periodic GC: Disabled

Heap:
 garbage-first heap   total 61440K, used 1024K [0x00000000c4400000, 0x0000000100000000)
  region size 1024K, 2 young (2048K), 0 survivors (0K)
 Metaspace       used 684K, committed 832K, reserved 1056768K
  class space    used 67K, committed 128K, reserved 1048576K

Heap Regions: E=young(eden), S=young(survivor), O=old, HS=humongous(starts), HC=humongous(continues), CS=collection set, F=free, OA=open archive, CA=closed archive, TAMS=top-at-mark-start (previous, next)
|   0|0x00000000c4400000, 0x00000000c4400000, 0x00000000c4500000|  0%| F|  |TAMS 0x00000000c4400000, 0x00000000c4400000| Untracked 
|   1|0x00000000c4500000, 0x00000000c4500000, 0x00000000c4600000|  0%| F|  |TAMS 0x00000000c4500000, 0x00000000c4500000| Untracked 
|   2|0x00000000c4600000, 0x00000000c4600000, 0x00000000c4700000|  0%| F|  |TAMS 0x00000000c4600000, 0x00000000c4600000| Untracked 
|   3|0x00000000c4700000, 0x00000000c4700000, 0x00000000c4800000|  0%| F|  |TAMS 0x00000000c4700000, 0x00000000c4700000| Untracked 
|   4|0x00000000c4800000, 0x00000000c4800000, 0x00000000c4900000|  0%| F|  |TAMS 0x00000000c4800000, 0x00000000c4800000| Untracked 
|   5|0x00000000c4900000, 0x00000000c4900000, 0x00000000c4a00000|  0%| F|  |TAMS 0x00000000c4900000, 0x00000000c4900000| Untracked 
|   6|0x00000000c4a00000, 0x00000000c4a00000, 0x00000000c4b00000|  0%| F|  |TAMS 0x00000000c4a00000, 0x00000000c4a00000| Untracked 
|   7|0x00000000c4b00000, 0x00000000c4b00000, 0x00000000c4c00000|  0%| F|  |TAMS 0x00000000c4b00000, 0x00000000c4b00000| Untracked 
|   8|0x00000000c4c00000, 0x00000000c4c00000, 0x00000000c4d00000|  0%| F|  |TAMS 0x00000000c4c00000, 0x00000000c4c00000| Untracked 
|   9|0x00000000c4d00000, 0x00000000c4d00000, 0x00000000c4e00000|  0%| F|  |TAMS 0x00000000c4d00000, 0x00000000c4d00000| Untracked 
|  10|0x00000000c4e00000, 0x00000000c4e00000, 0x00000000c4f00000|  0%| F|  |TAMS 0x00000000c4e00000, 0x00000000c4e00000| Untracked 
|  11|0x00000000c4f00000, 0x00000000c4f00000, 0x00000000c5000000|  0%| F|  |TAMS 0x00000000c4f00000, 0x00000000c4f00000| Untracked 
|  12|0x00000000c5000000, 0x00000000c5000000, 0x00000000c5100000|  0%| F|  |TAMS 0x00000000c5000000, 0x00000000c5000000| Untracked 
|  13|0x00000000c5100000, 0x00000000c5100000, 0x00000000c5200000|  0%| F|  |TAMS 0x00000000c5100000, 0x00000000c5100000| Untracked 
|  14|0x00000000c5200000, 0x00000000c5200000, 0x00000000c5300000|  0%| F|  |TAMS 0x00000000c5200000, 0x00000000c5200000| Untracked 
|  15|0x00000000c5300000, 0x00000000c5300000, 0x00000000c5400000|  0%| F|  |TAMS 0x00000000c5300000, 0x00000000c5300000| Untracked 
|  16|0x00000000c5400000, 0x00000000c5400000, 0x00000000c5500000|  0%| F|  |TAMS 0x00000000c5400000, 0x00000000c5400000| Untracked 
|  17|0x00000000c5500000, 0x00000000c5500000, 0x00000000c5600000|  0%| F|  |TAMS 0x00000000c5500000, 0x00000000c5500000| Untracked 
|  18|0x00000000c5600000, 0x00000000c5600000, 0x00000000c5700000|  0%| F|  |TAMS 0x00000000c5600000, 0x00000000c5600000| Untracked 
|  19|0x00000000c5700000, 0x00000000c5700000, 0x00000000c5800000|  0%| F|  |TAMS 0x00000000c5700000, 0x00000000c5700000| Untracked 
|  20|0x00000000c5800000, 0x00000000c5800000, 0x00000000c5900000|  0%| F|  |TAMS 0x00000000c5800000, 0x00000000c5800000| Untracked 
|  21|0x00000000c5900000, 0x00000000c5900000, 0x00000000c5a00000|  0%| F|  |TAMS 0x00000000c5900000, 0x00000000c5900000| Untracked 
|  22|0x00000000c5a00000, 0x00000000c5a00000, 0x00000000c5b00000|  0%| F|  |TAMS 0x00000000c5a00000, 0x00000000c5a00000| Untracked 
|  23|0x00000000c5b00000, 0x00000000c5b00000, 0x00000000c5c00000|  0%| F|  |TAMS 0x00000000c5b00000, 0x00000000c5b00000| Untracked 
|  24|0x00000000c5c00000, 0x00000000c5c00000, 0x00000000c5d00000|  0%| F|  |TAMS 0x00000000c5c00000, 0x00000000c5c00000| Untracked 
|  25|0x00000000c5d00000, 0x00000000c5d00000, 0x00000000c5e00000|  0%| F|  |TAMS 0x00000000c5d00000, 0x00000000c5d00000| Untracked 
|  26|0x00000000c5e00000, 0x00000000c5e00000, 0x00000000c5f00000|  0%| F|  |TAMS 0x00000000c5e00000, 0x00000000c5e00000| Untracked 
|  27|0x00000000c5f00000, 0x00000000c5f00000, 0x00000000c6000000|  0%| F|  |TAMS 0x00000000c5f00000, 0x00000000c5f00000| Untracked 
|  28|0x00000000c6000000, 0x00000000c6000000, 0x00000000c6100000|  0%| F|  |TAMS 0x00000000c6000000, 0x00000000c6000000| Untracked 
|  29|0x00000000c6100000, 0x00000000c6100000, 0x00000000c6200000|  0%| F|  |TAMS 0x00000000c6100000, 0x00000000c6100000| Untracked 
|  30|0x00000000c6200000, 0x00000000c6200000, 0x00000000c6300000|  0%| F|  |TAMS 0x00000000c6200000, 0x00000000c6200000| Untracked 
|  31|0x00000000c6300000, 0x00000000c6300000, 0x00000000c6400000|  0%| F|  |TAMS 0x00000000c6300000, 0x00000000c6300000| Untracked 
|  32|0x00000000c6400000, 0x00000000c6400000, 0x00000000c6500000|  0%| F|  |TAMS 0x00000000c6400000, 0x00000000c6400000| Untracked 
|  33|0x00000000c6500000, 0x00000000c6500000, 0x00000000c6600000|  0%| F|  |TAMS 0x00000000c6500000, 0x00000000c6500000| Untracked 
|  34|0x00000000c6600000, 0x00000000c6600000, 0x00000000c6700000|  0%| F|  |TAMS 0x00000000c6600000, 0x00000000c6600000| Untracked 
|  35|0x00000000c6700000, 0x00000000c6700000, 0x00000000c6800000|  0%| F|  |TAMS 0x00000000c6700000, 0x00000000c6700000| Untracked 
|  36|0x00000000c6800000, 0x00000000c6800000, 0x00000000c6900000|  0%| F|  |TAMS 0x00000000c6800000, 0x00000000c6800000| Untracked 
|  37|0x00000000c6900000, 0x00000000c6900000, 0x00000000c6a00000|  0%| F|  |TAMS 0x00000000c6900000, 0x00000000c6900000| Untracked 
|  38|0x00000000c6a00000, 0x00000000c6a00000, 0x00000000c6b00000|  0%| F|  |TAMS 0x00000000c6a00000, 0x00000000c6a00000| Untracked 
|  39|0x00000000c6b00000, 0x00000000c6b00000, 0x00000000c6c00000|  0%| F|  |TAMS 0x00000000c6b00000, 0x00000000c6b00000| Untracked 
|  40|0x00000000c6c00000, 0x00000000c6c00000, 0x00000000c6d00000|  0%| F|  |TAMS 0x00000000c6c00000, 0x00000000c6c00000| Untracked 
|  41|0x00000000c6d00000, 0x00000000c6d00000, 0x00000000c6e00000|  0%| F|  |TAMS 0x00000000c6d00000, 0x00000000c6d00000| Untracked 
|  42|0x00000000c6e00000, 0x00000000c6e00000, 0x00000000c6f00000|  0%| F|  |TAMS 0x00000000c6e00000, 0x00000000c6e00000| Untracked 
|  43|0x00000000c6f00000, 0x00000000c6f00000, 0x00000000c7000000|  0%| F|  |TAMS 0x00000000c6f00000, 0x00000000c6f00000| Untracked 
|  44|0x00000000c7000000, 0x00000000c7000000, 0x00000000c7100000|  0%| F|  |TAMS 0x00000000c7000000, 0x00000000c7000000| Untracked 
|  45|0x00000000c7100000, 0x00000000c7100000, 0x00000000c7200000|  0%| F|  |TAMS 0x00000000c7100000, 0x00000000c7100000| Untracked 
|  46|0x00000000c7200000, 0x00000000c7200000, 0x00000000c7300000|  0%| F|  |TAMS 0x00000000c7200000, 0x00000000c7200000| Untracked 
|  47|0x00000000c7300000, 0x00000000c7300000, 0x00000000c7400000|  0%| F|  |TAMS 0x00000000c7300000, 0x00000000c7300000| Untracked 
|  48|0x00000000c7400000, 0x00000000c7400000, 0x00000000c7500000|  0%| F|  |TAMS 0x00000000c7400000, 0x00000000c7400000| Untracked 
|  49|0x00000000c7500000, 0x00000000c7500000, 0x00000000c7600000|  0%| F|  |TAMS 0x00000000c7500000, 0x00000000c7500000| Untracked 
|  50|0x00000000c7600000, 0x00000000c7600000, 0x00000000c7700000|  0%| F|  |TAMS 0x00000000c7600000, 0x00000000c7600000| Untracked 
|  51|0x00000000c7700000, 0x00000000c7700000, 0x00000000c7800000|  0%| F|  |TAMS 0x00000000c7700000, 0x00000000c7700000| Untracked 
|  52|0x00000000c7800000, 0x00000000c7800000, 0x00000000c7900000|  0%| F|  |TAMS 0x00000000c7800000, 0x00000000c7800000| Untracked 
|  53|0x00000000c7900000, 0x00000000c7900000, 0x00000000c7a00000|  0%| F|  |TAMS 0x00000000c7900000, 0x00000000c7900000| Untracked 
|  54|0x00000000c7a00000, 0x00000000c7a00000, 0x00000000c7b00000|  0%| F|  |TAMS 0x00000000c7a00000, 0x00000000c7a00000| Untracked 
|  55|0x00000000c7b00000, 0x00000000c7b00000, 0x00000000c7c00000|  0%| F|  |TAMS 0x00000000c7b00000, 0x00000000c7b00000| Untracked 
|  56|0x00000000c7c00000, 0x00000000c7c00000, 0x00000000c7d00000|  0%| F|  |TAMS 0x00000000c7c00000, 0x00000000c7c00000| Untracked 
|  57|0x00000000c7d00000, 0x00000000c7d00000, 0x00000000c7e00000|  0%| F|  |TAMS 0x00000000c7d00000, 0x00000000c7d00000| Untracked 
|  58|0x00000000c7e00000, 0x00000000c7e7bab8, 0x00000000c7f00000| 48%| E|  |TAMS 0x00000000c7e00000, 0x00000000c7e00000| Complete 
|  59|0x00000000c7f00000, 0x00000000c8000000, 0x00000000c8000000|100%| E|CS|TAMS 0x00000000c7f00000, 0x00000000c7f00000| Complete 

Card table byte_map: [0x000002ea16da0000,0x000002ea16f80000] _byte_map_base: 0x000002ea1677e000

Marking Bits (Prev, Next): (CMBitMap*) 0x000002ea7fbfd310, (CMBitMap*) 0x000002ea7fbfd350
 Prev Bits: [0x000002ea17160000, 0x000002ea18050000)
 Next Bits: [0x000002ea18050000, 0x000002ea18f40000)

Polling page: 0x000002ea7e220000

Metaspace:

Usage:
  Non-class:    637.32 KB used.
      Class:     70.41 KB used.
       Both:    707.73 KB used.

Virtual space:
  Non-class space:        8.00 MB reserved,     704.00 KB (  9%) committed,  1 nodes.
      Class space:        1.00 GB reserved,     128.00 KB ( <1%) committed,  1 nodes.
             Both:        1.01 GB reserved,     832.00 KB ( <1%) committed. 

Chunk freelists:
   Non-Class:  3.78 MB
       Class:  3.70 MB
        Both:  7.48 MB

MaxMetaspaceSize: unlimited
CompressedClassSpaceSize: 1.00 GB
Initial GC threshold: 21.00 MB
Current GC threshold: 21.00 MB
CDS: on
MetaspaceReclaimPolicy: balanced
 - commit_granule_bytes: 65536.
 - commit_granule_words: 8192.
 - virtual_space_node_default_size: 1048576.
 - enlarge_chunks_in_place: 1.
 - new_chunks_are_fully_committed: 0.
 - uncommit_free_chunks: 1.
 - use_allocation_guard: 0.
 - handle_deallocations: 1.


Internal statistics:

num_allocs_failed_limit: 0.
num_arena_births: 26.
num_arena_deaths: 0.
num_vsnodes_births: 2.
num_vsnodes_deaths: 0.
num_space_committed: 13.
num_space_uncommitted: 0.
num_chunks_returned_to_freelist: 0.
num_chunks_taken_from_freelist: 50.
num_chunk_merges: 0.
num_chunk_splits: 25.
num_chunks_enlarged: 18.
num_purges: 0.
num_inconsistent_stats: 0.

CodeHeap 'non-profiled nmethods': size=120064Kb used=80Kb max_used=80Kb free=119983Kb
 bounds [0x000002ea0f570000, 0x000002ea0f7e0000, 0x000002ea16ab0000]
CodeHeap 'profiled nmethods': size=120000Kb used=262Kb max_used=262Kb free=119737Kb
 bounds [0x000002ea08040000, 0x000002ea082b0000, 0x000002ea0f570000]
CodeHeap 'non-nmethods': size=5696Kb used=1113Kb max_used=1127Kb free=4582Kb
 bounds [0x000002ea07ab0000, 0x000002ea07d20000, 0x000002ea08040000]
 total_blobs=613 nmethods=235 adapters=291
 compilation: enabled
              stopped_count=0, restarted_count=0
 full_count=0

Compilation events (20 events):
Event: 1.243 Thread 0x000002ea1b28f590 nmethod 206 0x000002ea0807a310 code [0x000002ea0807a4c0, 0x000002ea0807a6a8]
Event: 1.244 Thread 0x000002ea1b28f590  207       3       jdk.internal.org.objectweb.asm.ByteVector::putShort (52 bytes)
Event: 1.244 Thread 0x000002ea1b28f590 nmethod 207 0x000002ea0807a810 code [0x000002ea0807a9c0, 0x000002ea0807abc8]
Event: 1.244 Thread 0x000002ea1b28f590  208       3       jdk.internal.org.objectweb.asm.SymbolTable::addConstantUtf8 (98 bytes)
Event: 1.245 Thread 0x000002ea1b28f590 nmethod 208 0x000002ea0807ad10 code [0x000002ea0807af40, 0x000002ea0807b538]
Event: 1.246 Thread 0x000002ea1b28f590  209       3       java.lang.invoke.MemberName::initResolved (53 bytes)
Event: 1.246 Thread 0x000002ea1b28f590 nmethod 209 0x000002ea0807b890 code [0x000002ea0807ba20, 0x000002ea0807bbd8]
Event: 1.247 Thread 0x000002ea1b28f590  212       3       java.lang.ref.Reference::<init> (25 bytes)
Event: 1.247 Thread 0x000002ea1b28f590 nmethod 212 0x000002ea0807bc90 code [0x000002ea0807be40, 0x000002ea0807c0b8]
Event: 1.250 Thread 0x000002ea1b28f590  214       3       java.lang.invoke.MethodType$ConcurrentWeakInternSet::get (47 bytes)
Event: 1.251 Thread 0x000002ea1b28f590 nmethod 214 0x000002ea0807c190 code [0x000002ea0807c3c0, 0x000002ea0807cd18]
Event: 1.252 Thread 0x000002ea1b28f590  217       1       java.lang.invoke.MethodTypeForm::erasedType (5 bytes)
Event: 1.252 Thread 0x000002ea1b28f590 nmethod 217 0x000002ea0f581010 code [0x000002ea0f5811a0, 0x000002ea0f581278]
Event: 1.254 Thread 0x000002ea1b28f590  218       3       sun.invoke.util.VerifyAccess::isTypeVisible (118 bytes)
Event: 1.256 Thread 0x000002ea1b28f590 nmethod 218 0x000002ea0807d090 code [0x000002ea0807d4a0, 0x000002ea0807f4f8]
Event: 1.256 Thread 0x000002ea1b28f590  221       3       java.util.Arrays::equals (57 bytes)
Event: 1.257 Thread 0x000002ea1b28f590 nmethod 221 0x000002ea0807fe90 code [0x000002ea08080080, 0x000002ea08080648]
Event: 1.257 Thread 0x000002ea1b28f590  222       3       sun.invoke.util.Wrapper::hashPrim (30 bytes)
Event: 1.258 Thread 0x000002ea1b28f590 nmethod 222 0x000002ea08080810 code [0x000002ea08080aa0, 0x000002ea080816c8]
Event: 1.258 Thread 0x000002ea1b28f590  223       3       jdk.internal.org.objectweb.asm.Frame::execute (2305 bytes)

GC Heap History (0 events):
No events

Dll operation events (8 events):
Event: 0.023 Loaded shared library C:\Program Files\Java\zulu17.38.21-ca-jdk17.0.5-win_x64\bin\java.dll
Event: 0.045 Loaded shared library C:\Program Files\Java\zulu17.38.21-ca-jdk17.0.5-win_x64\bin\jsvml.dll
Event: 0.190 Loaded shared library C:\Program Files\Java\zulu17.38.21-ca-jdk17.0.5-win_x64\bin\net.dll
Event: 0.193 Loaded shared library C:\Program Files\Java\zulu17.38.21-ca-jdk17.0.5-win_x64\bin\nio.dll
Event: 0.204 Loaded shared library C:\Program Files\Java\zulu17.38.21-ca-jdk17.0.5-win_x64\bin\zip.dll
Event: 0.211 Loaded shared library C:\Program Files\Java\zulu17.38.21-ca-jdk17.0.5-win_x64\bin\verify.dll
Event: 0.214 Loaded shared library C:\Program Files\Java\zulu17.38.21-ca-jdk17.0.5-win_x64\bin\jimage.dll
Event: 0.232 Loaded shared library C:\Program Files\Java\zulu17.38.21-ca-jdk17.0.5-win_x64\bin\attach.dll

Deoptimization events (0 events):
No events

Classes unloaded (0 events):
No events

Classes redefined (0 events):
No events

Internal exceptions (0 events):
No events

VM Operations (4 events):
Event: 0.205 Executing VM operation: HandshakeAllThreads
Event: 0.205 Executing VM operation: HandshakeAllThreads done
Event: 1.207 Executing VM operation: Cleanup
Event: 1.222 Executing VM operation: Cleanup done

Events (20 events):
Event: 0.238 loading class java/net/URISyntaxException
Event: 0.238 loading class java/net/URISyntaxException done
Event: 0.238 loading class java/lang/NumberFormatException
Event: 0.238 loading class java/lang/NumberFormatException done
Event: 0.255 loading class java/lang/AssertionError
Event: 0.256 loading class java/lang/AssertionError done
Event: 0.265 loading class java/util/TimerTask
Event: 0.265 loading class java/util/TimerTask done
Event: 0.265 loading class java/util/Timer
Event: 0.266 loading class java/util/Timer done
Event: 0.266 loading class java/io/FilenameFilter
Event: 0.267 loading class java/io/FilenameFilter done
Event: 0.273 loading class java/util/regex/Pattern$BnM
Event: 0.273 loading class java/util/regex/Pattern$BnM done
Event: 0.273 loading class java/util/regex/Pattern$SliceS
Event: 0.274 loading class java/util/regex/Pattern$SliceS done
Event: 0.285 loading class java/io/FileNotFoundException
Event: 0.286 loading class java/io/FileNotFoundException done
Event: 1.222 loading class jdk/internal/perf/Perf$CleanerAction
Event: 1.222 loading class jdk/internal/perf/Perf$CleanerAction done


Dynamic libraries:
0x00007ff60a6d0000 - 0x00007ff60a6de000 	C:\Program Files\Java\zulu17.38.21-ca-jdk17.0.5-win_x64\bin\java.exe
0x00007ff9bc550000 - 0x00007ff9bc767000 	C:\WINDOWS\SYSTEM32\ntdll.dll
0x00007ff9882d0000 - 0x00007ff9882e9000 	C:\Program Files\Avast Software\Avast\aswhook.dll
0x00007ff9bab40000 - 0x00007ff9bac04000 	C:\WINDOWS\System32\KERNEL32.DLL
0x00007ff9b9be0000 - 0x00007ff9b9f86000 	C:\WINDOWS\System32\KERNELBASE.dll
0x00007ff9b9a20000 - 0x00007ff9b9b31000 	C:\WINDOWS\System32\ucrtbase.dll
0x00007ff9ab380000 - 0x00007ff9ab397000 	C:\Program Files\Java\zulu17.38.21-ca-jdk17.0.5-win_x64\bin\jli.dll
0x00007ff9bbfd0000 - 0x00007ff9bc17e000 	C:\WINDOWS\System32\USER32.dll
0x00007ff9b9930000 - 0x00007ff9b9956000 	C:\WINDOWS\System32\win32u.dll
0x00007ff9bab10000 - 0x00007ff9bab39000 	C:\WINDOWS\System32\GDI32.dll
0x00007ff9ba010000 - 0x00007ff9ba128000 	C:\WINDOWS\System32\gdi32full.dll
0x00007ff9b9b40000 - 0x00007ff9b9bda000 	C:\WINDOWS\System32\msvcp_win.dll
0x00007ff9a94c0000 - 0x00007ff9a94db000 	C:\Program Files\Java\zulu17.38.21-ca-jdk17.0.5-win_x64\bin\VCRUNTIME140.dll
0x00007ff9a2190000 - 0x00007ff9a2423000 	C:\WINDOWS\WinSxS\amd64_microsoft.windows.common-controls_6595b64144ccf1df_6.0.22621.2506_none_270c5ae97388e100\COMCTL32.dll
0x00007ff9ba800000 - 0x00007ff9ba8a7000 	C:\WINDOWS\System32\msvcrt.dll
0x00007ff9bb8f0000 - 0x00007ff9bb921000 	C:\WINDOWS\System32\IMM32.DLL
0x00007ff9add10000 - 0x00007ff9add1c000 	C:\Program Files\Java\zulu17.38.21-ca-jdk17.0.5-win_x64\bin\vcruntime140_1.dll
0x00007ff9880f0000 - 0x00007ff98817d000 	C:\Program Files\Java\zulu17.38.21-ca-jdk17.0.5-win_x64\bin\msvcp140.dll
0x00007ff942040000 - 0x00007ff942ca2000 	C:\Program Files\Java\zulu17.38.21-ca-jdk17.0.5-win_x64\bin\server\jvm.dll
0x00007ff9ba3b0000 - 0x00007ff9ba463000 	C:\WINDOWS\System32\ADVAPI32.dll
0x00007ff9bac10000 - 0x00007ff9bacb8000 	C:\WINDOWS\System32\sechost.dll
0x00007ff9b9900000 - 0x00007ff9b9928000 	C:\WINDOWS\System32\bcrypt.dll
0x00007ff9bacd0000 - 0x00007ff9bade7000 	C:\WINDOWS\System32\RPCRT4.dll
0x00007ff9a13a0000 - 0x00007ff9a13a9000 	C:\WINDOWS\SYSTEM32\WSOCK32.dll
0x00007ff9baf80000 - 0x00007ff9baff1000 	C:\WINDOWS\System32\WS2_32.dll
0x00007ff9a97d0000 - 0x00007ff9a9804000 	C:\WINDOWS\SYSTEM32\WINMM.dll
0x00007ff9a8d50000 - 0x00007ff9a8d5a000 	C:\WINDOWS\SYSTEM32\VERSION.dll
0x00007ff9b88d0000 - 0x00007ff9b88e8000 	C:\WINDOWS\SYSTEM32\kernel.appcore.dll
0x00007ff9ab370000 - 0x00007ff9ab37a000 	C:\Program Files\Java\zulu17.38.21-ca-jdk17.0.5-win_x64\bin\jimage.dll
0x00007ff9b72f0000 - 0x00007ff9b7523000 	C:\WINDOWS\SYSTEM32\DBGHELP.DLL
0x00007ff9bc180000 - 0x00007ff9bc509000 	C:\WINDOWS\System32\combase.dll
0x00007ff9ba720000 - 0x00007ff9ba7f7000 	C:\WINDOWS\System32\OLEAUT32.dll
0x00007ff9a72a0000 - 0x00007ff9a72d2000 	C:\WINDOWS\SYSTEM32\dbgcore.DLL
0x00007ff9b9f90000 - 0x00007ff9ba00a000 	C:\WINDOWS\System32\bcryptPrimitives.dll
0x00007ff9a9490000 - 0x00007ff9a94b5000 	C:\Program Files\Java\zulu17.38.21-ca-jdk17.0.5-win_x64\bin\java.dll
0x00007ff988010000 - 0x00007ff9880e7000 	C:\Program Files\Java\zulu17.38.21-ca-jdk17.0.5-win_x64\bin\jsvml.dll
0x00007ff9bb090000 - 0x00007ff9bb8eb000 	C:\WINDOWS\System32\SHELL32.dll
0x00007ff9b77a0000 - 0x00007ff9b8096000 	C:\WINDOWS\SYSTEM32\windows.storage.dll
0x00007ff9b7660000 - 0x00007ff9b779e000 	C:\WINDOWS\SYSTEM32\wintypes.dll
0x00007ff9ba480000 - 0x00007ff9ba573000 	C:\WINDOWS\System32\SHCORE.dll
0x00007ff9ba350000 - 0x00007ff9ba3ae000 	C:\WINDOWS\System32\shlwapi.dll
0x00007ff9b97c0000 - 0x00007ff9b97e6000 	C:\WINDOWS\SYSTEM32\profapi.dll
0x00007ff9a9470000 - 0x00007ff9a9489000 	C:\Program Files\Java\zulu17.38.21-ca-jdk17.0.5-win_x64\bin\net.dll
0x00007ff9af210000 - 0x00007ff9af347000 	C:\WINDOWS\SYSTEM32\WINHTTP.dll
0x00007ff9b8dc0000 - 0x00007ff9b8e29000 	C:\WINDOWS\system32\mswsock.dll
0x00007ff9a8650000 - 0x00007ff9a8666000 	C:\Program Files\Java\zulu17.38.21-ca-jdk17.0.5-win_x64\bin\nio.dll
0x00007ff9a6e50000 - 0x00007ff9a6e68000 	C:\Program Files\Java\zulu17.38.21-ca-jdk17.0.5-win_x64\bin\zip.dll
0x00007ff9aaec0000 - 0x00007ff9aaed0000 	C:\Program Files\Java\zulu17.38.21-ca-jdk17.0.5-win_x64\bin\verify.dll
0x00007ff9aab80000 - 0x00007ff9aab89000 	C:\Program Files\Java\zulu17.38.21-ca-jdk17.0.5-win_x64\bin\attach.dll
0x00007ff9ba340000 - 0x00007ff9ba348000 	C:\WINDOWS\System32\PSAPI.DLL

dbghelp: loaded successfully - version: 4.0.5 - missing functions: none
symbol engine: initialized successfully - sym options: 0x614 - pdb path: .;C:\Program Files\Java\zulu17.38.21-ca-jdk17.0.5-win_x64\bin;C:\WINDOWS\SYSTEM32;C:\Program Files\Avast Software\Avast;C:\WINDOWS\WinSxS\amd64_microsoft.windows.common-controls_6595b64144ccf1df_6.0.22621.2506_none_270c5ae97388e100;C:\Program Files\Java\zulu17.38.21-ca-jdk17.0.5-win_x64\bin\server

VM Arguments:
jvm_args: -Dnet.bytebuddy.agent.attacher.dump= 
java_command: net.bytebuddy.agent.Attacher com.sun.tools.attach.VirtualMachine 16932 C:\Users\joane\.m2\repository\net\bytebuddy\byte-buddy-agent\1.14.9\byte-buddy-agent-1.14.9.jar false 
java_class_path (initial): C:\Users\joane\.m2\repository\net\bytebuddy\byte-buddy-agent\1.14.9\byte-buddy-agent-1.14.9.jar
Launcher Type: SUN_STANDARD

[Global flags]
     intx CICompilerCount                          = 2                                         {product} {ergonomic}
     uint ConcGCThreads                            = 1                                         {product} {ergonomic}
     uint G1ConcRefinementThreads                  = 2                                         {product} {ergonomic}
   size_t G1HeapRegionSize                         = 1048576                                   {product} {ergonomic}
    uintx GCDrainStackTargetSize                   = 64                                        {product} {ergonomic}
   size_t InitialHeapSize                          = 62914560                                  {product} {ergonomic}
   size_t MarkStackSize                            = 4194304                                   {product} {ergonomic}
   size_t MaxHeapSize                              = 1002438656                                {product} {ergonomic}
   size_t MaxNewSize                               = 600834048                                 {product} {ergonomic}
   size_t MinHeapDeltaBytes                        = 1048576                                   {product} {ergonomic}
   size_t MinHeapSize                              = 8388608                                   {product} {ergonomic}
    uintx NonNMethodCodeHeapSize                   = 5826188                                {pd product} {ergonomic}
    uintx NonProfiledCodeHeapSize                  = 122916026                              {pd product} {ergonomic}
    uintx ProfiledCodeHeapSize                     = 122916026                              {pd product} {ergonomic}
    uintx ReservedCodeCacheSize                    = 251658240                              {pd product} {ergonomic}
     bool SegmentedCodeCache                       = true                                      {product} {ergonomic}
   size_t SoftMaxHeapSize                          = 1002438656                             {manageable} {ergonomic}
     bool UseCompressedClassPointers               = true                           {product lp64_product} {ergonomic}
     bool UseCompressedOops                        = true                           {product lp64_product} {ergonomic}
     bool UseG1GC                                  = true                                      {product} {ergonomic}
     bool UseLargePagesIndividualAllocation        = false                                  {pd product} {ergonomic}

Logging:
Log output configuration:
 #0: stdout all=warning uptime,level,tags
 #1: stderr all=off uptime,level,tags

Environment Variables:
JAVA_HOME=C:\Program Files\Java\zulu17.38.21-ca-jdk17.0.5-win_x64
CLASSPATH=.;C:\Program Files\Java\zulu17.38.21-ca-jdk17.0.5-win_x64\lib;
PATH=C:/sts-4.18.1.RELEASE//plugins/org.eclipse.justj.openjdk.hotspot.jre.full.win32.x86_64_17.0.7.v20230425-1502/jre/bin/server;C:/sts-4.18.1.RELEASE//plugins/org.eclipse.justj.openjdk.hotspot.jre.full.win32.x86_64_17.0.7.v20230425-1502/jre/bin;C:\Program Files\Java\zulu17.38.21-ca-jdk17.0.5-win_x64\bin;";%PATH%;C:\Program Files\Java\zulu17.38.21-ca-jdk17.0.5-win_x64\bin";C:\Program Files\Java\zulu17.38.21-ca-jdk17.0.5-win_x64\bin;C:\WINDOWS\system32;C:\WINDOWS;C:\WINDOWS\System32\Wbem;C:\WINDOWS\System32\WindowsPowerShell\v1.0\;C:\WINDOWS\System32\OpenSSH\;C:\Program Files\Java\MAVEN\apache-maven-3.9.2\bin;C:\Program Files\Java\zulu17.38.21-ca-jdk17.0.5-win_x64\bin;C:\Program Files\Java\jre7;C:\Program Files\Docker\Docker\resources\bin;C:\Program Files\Git\cmd;C:\Program Files\MongoDB\Server\7.0\bin;C:\Program Files\MySQL\MySQL Shell 8.0\bin\;C:\Users\joane\AppData\Local\Microsoft\WindowsApps;C:\Program Files\heroku\bin;;C:\Users\joane\AppData\Local\Programs\Microsoft VS Code\bin;C:\sts-4.18.1.RELEASE;
USERNAME=joane
OS=Windows_NT
PROCESSOR_IDENTIFIER=Intel64 Family 6 Model 140 Stepping 1, GenuineIntel
TMP=C:\Users\joane\AppData\Local\Temp
TEMP=C:\Users\joane\AppData\Local\Temp



---------------  S Y S T E M  ---------------

OS:
 Windows 11 , 64 bit Build 22621 (10.0.22621.3085)
OS uptime: 3 days 23:42 hours
Hyper-V role detected

CPU: total 2 (initial active 2) (2 cores per cpu, 1 threads per core) family 6 model 140 stepping 1 microcode 0x8a, cx8, cmov, fxsr, mmx, 3dnowpref, sse, sse2, sse3, ssse3, sse4.1, sse4.2, popcnt, lzcnt, tsc, tscinvbit, avx, avx2, aes, erms, clmul, bmi1, bmi2, adx, avx512f, avx512dq, avx512cd, avx512bw, avx512vl, sha, fma, vzeroupper, avx512_vpopcntdq, avx512_vpclmulqdq, avx512_vaes, avx512_vnni, clflush, clflushopt, clwb, avx512_vbmi2, avx512_vbmi, hv

Memory: 4k page, system-wide physical 3819M (240M free)
TotalPageFile size 15595M (AvailPageFile size 0M)
current process WorkingSet (physical memory assigned to process): 33M, peak: 33M
current process commit charge ("private bytes"): 128M, peak: 128M

vm_info: OpenJDK 64-Bit Server VM (17.0.5+8-LTS) for windows-amd64 JRE (17.0.5+8-LTS) (Zulu17.38+21-CA), built on Oct  7 2022 12:56:14 by "zulu_re" with MS VC++ 16.10 / 16.11 (VS2019)

END.
